<?xml version="1.0" encoding="UTF-8"?>
<testng-results skipped="4" failed="0" total="4" passed="0">
  <reporter-output>
  </reporter-output>
  <suite name="Default suite" duration-ms="76" started-at="2020-07-11T00:33:47Z" finished-at="2020-07-11T00:33:48Z">
    <groups>
      <group name="smoke1">
        <method signature="SauceDemoTest.loginToSauceDemoTest(java.lang.String, java.lang.String)[pri:0, instance:RewNG5LoginPage.SauceDemoTest@48524010]" name="loginToSauceDemoTest" class="RewNG5LoginPage.SauceDemoTest"/>
      </group> <!-- smoke1 -->
      <group name="regression">
        <method signature="SauceDemoTest.loginToSauceDemoTest(java.lang.String, java.lang.String)[pri:0, instance:RewNG5LoginPage.SauceDemoTest@48524010]" name="loginToSauceDemoTest" class="RewNG5LoginPage.SauceDemoTest"/>
      </group> <!-- regression -->
      <group name="sanity">
        <method signature="SauceDemoTest.loginToSauceDemoTest(java.lang.String, java.lang.String)[pri:0, instance:RewNG5LoginPage.SauceDemoTest@48524010]" name="loginToSauceDemoTest" class="RewNG5LoginPage.SauceDemoTest"/>
      </group> <!-- sanity -->
    </groups>
    <test name="Default test" duration-ms="76" started-at="2020-07-11T00:33:47Z" finished-at="2020-07-11T00:33:48Z">
      <class name="RewNG5LoginPage.SauceDemoTest">
        <test-method status="FAIL" signature="setUp()[pri:0, instance:RewNG5LoginPage.SauceDemoTest@48524010]" name="setUp" is-config="true" duration-ms="0" started-at="2020-07-10T20:33:48Z" finished-at="2020-07-10T20:33:48Z">
          <exception class="java.lang.NullPointerException">
            <full-stacktrace>
              <![CDATA[java.lang.NullPointerException
	at Utils.BaseClass.setUp(BaseClass.java:33)
	at sun.reflect.NativeMethodAccessorImpl.invoke0(Native Method)
	at sun.reflect.NativeMethodAccessorImpl.invoke(NativeMethodAccessorImpl.java:62)
	at sun.reflect.DelegatingMethodAccessorImpl.invoke(DelegatingMethodAccessorImpl.java:43)
	at java.lang.reflect.Method.invoke(Method.java:498)
	at org.testng.internal.MethodInvocationHelper.invokeMethod(MethodInvocationHelper.java:84)
	at org.testng.internal.Invoker.invokeConfigurationMethod(Invoker.java:564)
	at org.testng.internal.Invoker.invokeConfigurations(Invoker.java:213)
	at org.testng.internal.Invoker.invokeMethod(Invoker.java:653)
	at org.testng.internal.Invoker.invokeTestMethod(Invoker.java:901)
	at org.testng.internal.Invoker.invokeTestMethods(Invoker.java:1231)
	at org.testng.internal.TestMethodWorker.invokeTestMethods(TestMethodWorker.java:127)
	at org.testng.internal.TestMethodWorker.run(TestMethodWorker.java:111)
	at org.testng.TestRunner.privateRun(TestRunner.java:767)
	at org.testng.TestRunner.run(TestRunner.java:617)
	at org.testng.SuiteRunner.runTest(SuiteRunner.java:334)
	at org.testng.SuiteRunner.runSequentially(SuiteRunner.java:329)
	at org.testng.SuiteRunner.privateRun(SuiteRunner.java:291)
	at org.testng.SuiteRunner.run(SuiteRunner.java:240)
	at org.testng.SuiteRunnerWorker.runSuite(SuiteRunnerWorker.java:52)
	at org.testng.SuiteRunnerWorker.run(SuiteRunnerWorker.java:86)
	at org.testng.TestNG.runSuitesSequentially(TestNG.java:1224)
	at org.testng.TestNG.runSuitesLocally(TestNG.java:1149)
	at org.testng.TestNG.run(TestNG.java:1057)
	at org.testng.remote.AbstractRemoteTestNG.run(AbstractRemoteTestNG.java:115)
	at org.testng.remote.RemoteTestNG.initAndRun(RemoteTestNG.java:251)
	at org.testng.remote.RemoteTestNG.main(RemoteTestNG.java:77)
]]>
            </full-stacktrace>
          </exception> <!-- java.lang.NullPointerException -->
          <reporter-output>
          </reporter-output>
        </test-method> <!-- setUp -->
        <test-method status="SKIP" signature="loginToSauceDemoTest(java.lang.String, java.lang.String)[pri:0, instance:RewNG5LoginPage.SauceDemoTest@48524010]" name="loginToSauceDemoTest" duration-ms="3" started-at="2020-07-10T20:33:48Z" data-provider="dataProvider" finished-at="2020-07-10T20:33:48Z">
          <params>
            <param index="0">
              <value>
                <![CDATA[standart_user]]>
              </value>
            </param>
            <param index="1">
              <value>
                <![CDATA[secret_sauce]]>
              </value>
            </param>
          </params>
          <reporter-output>
          </reporter-output>
        </test-method> <!-- loginToSauceDemoTest -->
        <test-method status="PASS" signature="tearDown()[pri:0, instance:RewNG5LoginPage.SauceDemoTest@48524010]" name="tearDown" is-config="true" duration-ms="1" started-at="2020-07-10T20:33:48Z" finished-at="2020-07-10T20:33:48Z">
          <reporter-output>
          </reporter-output>
        </test-method> <!-- tearDown -->
        <test-method status="SKIP" signature="setUp()[pri:0, instance:RewNG5LoginPage.SauceDemoTest@48524010]" name="setUp" is-config="true" duration-ms="0" started-at="2020-07-10T20:33:48Z" finished-at="2020-07-10T20:33:48Z">
          <reporter-output>
          </reporter-output>
        </test-method> <!-- setUp -->
        <test-method status="SKIP" signature="loginToSauceDemoTest(java.lang.String, java.lang.String)[pri:0, instance:RewNG5LoginPage.SauceDemoTest@48524010]" name="loginToSauceDemoTest" duration-ms="2" started-at="2020-07-10T20:33:48Z" data-provider="dataProvider" finished-at="2020-07-10T20:33:48Z">
          <params>
            <param index="0">
              <value>
                <![CDATA[problem_user]]>
              </value>
            </param>
            <param index="1">
              <value>
                <![CDATA[secret_sauce]]>
              </value>
            </param>
          </params>
          <reporter-output>
          </reporter-output>
        </test-method> <!-- loginToSauceDemoTest -->
        <test-method status="PASS" signature="tearDown()[pri:0, instance:RewNG5LoginPage.SauceDemoTest@48524010]" name="tearDown" is-config="true" duration-ms="0" started-at="2020-07-10T20:33:48Z" finished-at="2020-07-10T20:33:48Z">
          <reporter-output>
          </reporter-output>
        </test-method> <!-- tearDown -->
        <test-method status="SKIP" signature="setUp()[pri:0, instance:RewNG5LoginPage.SauceDemoTest@48524010]" name="setUp" is-config="true" duration-ms="0" started-at="2020-07-10T20:33:48Z" finished-at="2020-07-10T20:33:48Z">
          <reporter-output>
          </reporter-output>
        </test-method> <!-- setUp -->
        <test-method status="SKIP" signature="loginToSauceDemoTest(java.lang.String, java.lang.String)[pri:0, instance:RewNG5LoginPage.SauceDemoTest@48524010]" name="loginToSauceDemoTest" duration-ms="2" started-at="2020-07-10T20:33:48Z" data-provider="dataProvider" finished-at="2020-07-10T20:33:48Z">
          <params>
            <param index="0">
              <value>
                <![CDATA[perfomance_glitch_user]]>
              </value>
            </param>
            <param index="1">
              <value>
                <![CDATA[secret_sauce]]>
              </value>
            </param>
          </params>
          <reporter-output>
          </reporter-output>
        </test-method> <!-- loginToSauceDemoTest -->
        <test-method status="PASS" signature="tearDown()[pri:0, instance:RewNG5LoginPage.SauceDemoTest@48524010]" name="tearDown" is-config="true" duration-ms="1" started-at="2020-07-10T20:33:48Z" finished-at="2020-07-10T20:33:48Z">
          <reporter-output>
          </reporter-output>
        </test-method> <!-- tearDown -->
        <test-method status="SKIP" signature="setUp()[pri:0, instance:RewNG5LoginPage.SauceDemoTest@48524010]" name="setUp" is-config="true" duration-ms="0" started-at="2020-07-10T20:33:48Z" finished-at="2020-07-10T20:33:48Z">
          <reporter-output>
          </reporter-output>
        </test-method> <!-- setUp -->
        <test-method status="SKIP" signature="loginToSauceDemoTest(java.lang.String, java.lang.String)[pri:0, instance:RewNG5LoginPage.SauceDemoTest@48524010]" name="loginToSauceDemoTest" duration-ms="1" started-at="2020-07-10T20:33:48Z" data-provider="dataProvider" finished-at="2020-07-10T20:33:48Z">
          <params>
            <param index="0">
              <value>
                <![CDATA[locked_out_user]]>
              </value>
            </param>
            <param index="1">
              <value>
                <![CDATA[secret_sauce]]>
              </value>
            </param>
          </params>
          <reporter-output>
          </reporter-output>
        </test-method> <!-- loginToSauceDemoTest -->
        <test-method status="PASS" signature="tearDown()[pri:0, instance:RewNG5LoginPage.SauceDemoTest@48524010]" name="tearDown" is-config="true" duration-ms="0" started-at="2020-07-10T20:33:48Z" finished-at="2020-07-10T20:33:48Z">
          <reporter-output>
          </reporter-output>
        </test-method> <!-- tearDown -->
      </class> <!-- RewNG5LoginPage.SauceDemoTest -->
    </test> <!-- Default test -->
  </suite> <!-- Default suite -->
</testng-results>
