<?xml version="1.0" encoding="UTF-8"?>
<!-- Generated by org.testng.reporters.JUnitXMLReporter -->
<testsuite hostname="MacBook-Pro.local" name="Default test" tests="4" failures="0" timestamp="11 Jul 2020 00:33:48 GMT" time="0.076" errors="0">
  <testcase name="@BeforeMethod setUp" time="0.0" classname="RewNG5LoginPage.SauceDemoTest">
    <failure type="java.lang.NullPointerException">
      <![CDATA[java.lang.NullPointerException
	at Utils.BaseClass.setUp(BaseClass.java:33)
	at sun.reflect.NativeMethodAccessorImpl.invoke0(Native Method)
	at sun.reflect.NativeMethodAccessorImpl.invoke(NativeMethodAccessorImpl.java:62)
	at sun.reflect.DelegatingMethodAccessorImpl.invoke(DelegatingMethodAccessorImpl.java:43)
	at java.lang.reflect.Method.invoke(Method.java:498)
	at org.testng.internal.MethodInvocationHelper.invokeMethod(MethodInvocationHelper.java:84)
	at org.testng.internal.Invoker.invokeConfigurationMethod(Invoker.java:564)
	at org.testng.internal.Invoker.invokeConfigurations(Invoker.java:213)
	at org.testng.internal.Invoker.invokeMethod(Invoker.java:653)
	at org.testng.internal.Invoker.invokeTestMethod(Invoker.java:901)
	at org.testng.internal.Invoker.invokeTestMethods(Invoker.java:1231)
	at org.testng.internal.TestMethodWorker.invokeTestMethods(TestMethodWorker.java:127)
	at org.testng.internal.TestMethodWorker.run(TestMethodWorker.java:111)
	at org.testng.TestRunner.privateRun(TestRunner.java:767)
	at org.testng.TestRunner.run(TestRunner.java:617)
	at org.testng.SuiteRunner.runTest(SuiteRunner.java:334)
	at org.testng.SuiteRunner.runSequentially(SuiteRunner.java:329)
	at org.testng.SuiteRunner.privateRun(SuiteRunner.java:291)
	at org.testng.SuiteRunner.run(SuiteRunner.java:240)
	at org.testng.SuiteRunnerWorker.runSuite(SuiteRunnerWorker.java:52)
	at org.testng.SuiteRunnerWorker.run(SuiteRunnerWorker.java:86)
	at org.testng.TestNG.runSuitesSequentially(TestNG.java:1224)
	at org.testng.TestNG.runSuitesLocally(TestNG.java:1149)
	at org.testng.TestNG.run(TestNG.java:1057)
	at org.testng.remote.AbstractRemoteTestNG.run(AbstractRemoteTestNG.java:115)
	at org.testng.remote.RemoteTestNG.initAndRun(RemoteTestNG.java:251)
	at org.testng.remote.RemoteTestNG.main(RemoteTestNG.java:77)
]]>
    </failure>
  </testcase> <!-- @BeforeMethod setUp -->
  <testcase name="@BeforeMethod setUp" time="0.0" classname="RewNG5LoginPage.SauceDemoTest">
    <skipped/>
  </testcase> <!-- @BeforeMethod setUp -->
  <testcase name="@BeforeMethod setUp" time="0.0" classname="RewNG5LoginPage.SauceDemoTest">
    <skipped/>
  </testcase> <!-- @BeforeMethod setUp -->
  <testcase name="@BeforeMethod setUp" time="0.0" classname="RewNG5LoginPage.SauceDemoTest">
    <skipped/>
  </testcase> <!-- @BeforeMethod setUp -->
  <testcase name="loginToSauceDemoTest" time="0.003" classname="RewNG5LoginPage.SauceDemoTest">
    <skipped/>
  </testcase> <!-- loginToSauceDemoTest -->
  <testcase name="loginToSauceDemoTest" time="0.002" classname="RewNG5LoginPage.SauceDemoTest">
    <skipped/>
  </testcase> <!-- loginToSauceDemoTest -->
  <testcase name="loginToSauceDemoTest" time="0.002" classname="RewNG5LoginPage.SauceDemoTest">
    <skipped/>
  </testcase> <!-- loginToSauceDemoTest -->
  <testcase name="loginToSauceDemoTest" time="0.001" classname="RewNG5LoginPage.SauceDemoTest">
    <skipped/>
  </testcase> <!-- loginToSauceDemoTest -->
</testsuite> <!-- Default test -->
