<?xml version="1.0" encoding="UTF-8"?>
<!-- Generated by org.testng.reporters.JUnitXMLReporter -->
<testsuite ignored="0" hostname="MacBook-Pro.local" failures="0" tests="4" name="Test" time="0.099" errors="0" timestamp="2020-05-30T23:30:57 EDT">
  <testcase classname="com.Utils.BaseClass" name="@BeforeMethod setUp" time="0.007">
    <failure type="java.lang.NullPointerException">
      <![CDATA[java.lang.NullPointerException
at com.Utils.BaseClass.setUp(BaseClass.java:32)
at java.base/java.util.ArrayList.forEach(ArrayList.java:1507)
... Removed 31 stack frames]]>
    </failure>
  </testcase> <!-- @BeforeMethod setUp -->
  <testcase classname="com.Utils.BaseClass" name="@BeforeMethod setUp" time="0.0">
    <failure type="java.lang.NullPointerException">
      <![CDATA[java.lang.NullPointerException
at com.Utils.BaseClass.setUp(BaseClass.java:32)
at java.base/java.util.ArrayList.forEach(ArrayList.java:1507)
... Removed 31 stack frames]]>
    </failure>
  </testcase> <!-- @BeforeMethod setUp -->
  <testcase classname="com.Utils.BaseClass" name="@BeforeMethod setUp" time="0.001">
    <failure type="java.lang.NullPointerException">
      <![CDATA[java.lang.NullPointerException
at com.Utils.BaseClass.setUp(BaseClass.java:32)
at java.base/java.util.ArrayList.forEach(ArrayList.java:1507)
... Removed 31 stack frames]]>
    </failure>
  </testcase> <!-- @BeforeMethod setUp -->
  <testcase classname="com.Utils.BaseClass" name="@BeforeMethod setUp" time="0.001">
    <failure type="java.lang.NullPointerException">
      <![CDATA[java.lang.NullPointerException
at com.Utils.BaseClass.setUp(BaseClass.java:32)
at java.base/java.util.ArrayList.forEach(ArrayList.java:1507)
... Removed 31 stack frames]]>
    </failure>
  </testcase> <!-- @BeforeMethod setUp -->
  <testcase classname="RewNG5LoginPage.SauceDemoTest" name="loginToSauceDemoTest" time="0.0">
    <skipped/>
  </testcase> <!-- loginToSauceDemoTest -->
  <testcase classname="RewNG5LoginPage.SauceDemoTest" name="loginToSauceDemoTest" time="0.0">
    <skipped/>
  </testcase> <!-- loginToSauceDemoTest -->
  <testcase classname="RewNG5LoginPage.SauceDemoTest" name="loginToSauceDemoTest" time="0.0">
    <skipped/>
  </testcase> <!-- loginToSauceDemoTest -->
  <testcase classname="RewNG5LoginPage.SauceDemoTest" name="loginToSauceDemoTest" time="0.0">
    <skipped/>
  </testcase> <!-- loginToSauceDemoTest -->
</testsuite> <!-- Test -->
