<?xml version="1.0" encoding="UTF-8"?>
<!-- Generated by org.testng.reporters.JUnitXMLReporter -->
<testsuite ignored="0" hostname="MacBook-Pro.local" failures="0" tests="3" name="Default test" time="0.065" errors="0" timestamp="2020-05-23T20:02:26 EDT">
  <testcase classname="testNGIntro.TaskTwo" name="test1" time="0.006"/>
  <testcase classname="testNGIntro.TaskTwo" name="test2" time="0.002"/>
  <testcase classname="testNGIntro.TaskTwo" name="test3" time="0.002"/>
</testsuite> <!-- Default test -->
