<?xml version="1.0" encoding="UTF-8"?>
<testng-results ignored="0" total="1" passed="1" failed="0" skipped="0">
  <reporter-output>
  </reporter-output>
  <suite started-at="2020-05-22T21:08:38 EDT" name="Default suite" finished-at="2020-05-22T21:08:38 EDT" duration-ms="62">
    <groups>
    </groups>
    <test started-at="2020-05-22T21:08:38 EDT" name="Default test" finished-at="2020-05-22T21:08:38 EDT" duration-ms="62">
      <class name="com.test01.DifferentAnnotation">
        <test-method is-config="true" signature="beforeMethod1()[pri:0, instance:com.test01.DifferentAnnotation@2b6856dd]" started-at="2020-05-22T21:08:38 EDT" name="beforeMethod1" finished-at="2020-05-22T21:08:38 EDT" duration-ms="34" status="PASS">
          <reporter-output>
          </reporter-output>
        </test-method> <!-- beforeMethod1 -->
        <test-method signature="test()[pri:0, instance:com.test01.DifferentAnnotation@2b6856dd]" started-at="2020-05-22T21:08:38 EDT" name="test" finished-at="2020-05-22T21:08:38 EDT" duration-ms="7" status="PASS">
          <reporter-output>
          </reporter-output>
        </test-method> <!-- test -->
        <test-method is-config="true" signature="afterMethod()[pri:0, instance:com.test01.DifferentAnnotation@2b6856dd]" started-at="2020-05-22T21:08:38 EDT" name="afterMethod" finished-at="2020-05-22T21:08:38 EDT" duration-ms="1" status="PASS">
          <reporter-output>
          </reporter-output>
        </test-method> <!-- afterMethod -->
        <test-method is-config="true" signature="afterMethod1()[pri:0, instance:com.test01.DifferentAnnotation@2b6856dd]" started-at="2020-05-22T21:08:38 EDT" name="afterMethod1" finished-at="2020-05-22T21:08:38 EDT" duration-ms="0" status="PASS">
          <reporter-output>
          </reporter-output>
        </test-method> <!-- afterMethod1 -->
      </class> <!-- com.test01.DifferentAnnotation -->
    </test> <!-- Default test -->
  </suite> <!-- Default suite -->
</testng-results>
