<?xml version="1.0" encoding="UTF-8"?>
<testng-results ignored="0" total="3" passed="3" failed="0" skipped="0">
  <reporter-output>
  </reporter-output>
  <suite started-at="2020-05-23T20:02:26 EDT" name="Default suite" finished-at="2020-05-23T20:02:26 EDT" duration-ms="65">
    <groups>
    </groups>
    <test started-at="2020-05-23T20:02:26 EDT" name="Default test" finished-at="2020-05-23T20:02:26 EDT" duration-ms="65">
      <class name="testNGIntro.TaskTwo">
        <test-method is-config="true" signature="beforeClass()[pri:0, instance:testNGIntro.TaskTwo@2b6856dd]" started-at="2020-05-23T20:02:26 EDT" name="beforeClass" finished-at="2020-05-23T20:02:26 EDT" duration-ms="9" status="PASS">
          <reporter-output>
          </reporter-output>
        </test-method> <!-- beforeClass -->
        <test-method is-config="true" signature="beforeMethod()[pri:0, instance:testNGIntro.TaskTwo@2b6856dd]" started-at="2020-05-23T20:02:26 EDT" name="beforeMethod" finished-at="2020-05-23T20:02:26 EDT" duration-ms="1" status="PASS">
          <reporter-output>
          </reporter-output>
        </test-method> <!-- beforeMethod -->
        <test-method signature="test1()[pri:0, instance:testNGIntro.TaskTwo@2b6856dd]" started-at="2020-05-23T20:02:26 EDT" name="test1" finished-at="2020-05-23T20:02:26 EDT" duration-ms="6" status="PASS">
          <reporter-output>
          </reporter-output>
        </test-method> <!-- test1 -->
        <test-method is-config="true" signature="afterMethod()[pri:0, instance:testNGIntro.TaskTwo@2b6856dd]" started-at="2020-05-23T20:02:26 EDT" name="afterMethod" finished-at="2020-05-23T20:02:26 EDT" duration-ms="0" status="PASS">
          <reporter-output>
          </reporter-output>
        </test-method> <!-- afterMethod -->
        <test-method is-config="true" signature="beforeMethod()[pri:0, instance:testNGIntro.TaskTwo@2b6856dd]" started-at="2020-05-23T20:02:26 EDT" name="beforeMethod" finished-at="2020-05-23T20:02:26 EDT" duration-ms="1" status="PASS">
          <reporter-output>
          </reporter-output>
        </test-method> <!-- beforeMethod -->
        <test-method signature="test2()[pri:0, instance:testNGIntro.TaskTwo@2b6856dd]" started-at="2020-05-23T20:02:26 EDT" name="test2" finished-at="2020-05-23T20:02:26 EDT" duration-ms="2" status="PASS">
          <reporter-output>
          </reporter-output>
        </test-method> <!-- test2 -->
        <test-method is-config="true" signature="afterMethod()[pri:0, instance:testNGIntro.TaskTwo@2b6856dd]" started-at="2020-05-23T20:02:26 EDT" name="afterMethod" finished-at="2020-05-23T20:02:26 EDT" duration-ms="0" status="PASS">
          <reporter-output>
          </reporter-output>
        </test-method> <!-- afterMethod -->
        <test-method is-config="true" signature="beforeMethod()[pri:0, instance:testNGIntro.TaskTwo@2b6856dd]" started-at="2020-05-23T20:02:26 EDT" name="beforeMethod" finished-at="2020-05-23T20:02:26 EDT" duration-ms="1" status="PASS">
          <reporter-output>
          </reporter-output>
        </test-method> <!-- beforeMethod -->
        <test-method signature="test3()[pri:0, instance:testNGIntro.TaskTwo@2b6856dd]" started-at="2020-05-23T20:02:26 EDT" name="test3" finished-at="2020-05-23T20:02:26 EDT" duration-ms="2" status="PASS">
          <reporter-output>
          </reporter-output>
        </test-method> <!-- test3 -->
        <test-method is-config="true" signature="afterMethod()[pri:0, instance:testNGIntro.TaskTwo@2b6856dd]" started-at="2020-05-23T20:02:26 EDT" name="afterMethod" finished-at="2020-05-23T20:02:26 EDT" duration-ms="0" status="PASS">
          <reporter-output>
          </reporter-output>
        </test-method> <!-- afterMethod -->
        <test-method is-config="true" signature="afterClass()[pri:0, instance:testNGIntro.TaskTwo@2b6856dd]" started-at="2020-05-23T20:02:26 EDT" name="afterClass" finished-at="2020-05-23T20:02:26 EDT" duration-ms="1" status="PASS">
          <reporter-output>
          </reporter-output>
        </test-method> <!-- afterClass -->
      </class> <!-- testNGIntro.TaskTwo -->
    </test> <!-- Default test -->
  </suite> <!-- Default suite -->
</testng-results>
